{"/Users/agiammarchi/git/event-target/cjs/index.js":{"path":"/Users/agiammarchi/git/event-target/cjs/index.js","s":{"1":2,"2":1,"3":1,"4":1,"5":1,"6":1,"7":1,"8":12,"9":1,"10":1,"11":1,"12":1,"13":1,"14":3,"15":7,"16":1,"17":1,"18":1,"19":3,"20":3,"21":2,"22":3,"23":2,"24":1,"25":1,"26":5,"27":1,"28":4,"29":4,"30":4,"31":3,"32":1,"33":3,"34":3,"35":3,"36":2,"37":2,"38":2,"39":2,"40":3,"41":1,"42":5,"43":5,"44":5,"45":4,"46":4,"47":3,"48":1,"49":1,"50":1,"51":1},"b":{"1":[12,1],"2":[2,1],"3":[3,2],"4":[2,1],"5":[4,2],"6":[3,1],"7":[2,1],"8":[4,1],"9":[3,1]},"f":{"1":1,"2":3,"3":5,"4":4,"5":3,"6":5,"7":1},"fnMap":{"1":{"name":"EventTarget","line":33,"loc":{"start":{"line":33,"column":4},"end":{"line":33,"column":27}}},"2":{"name":"dispatch","line":46,"loc":{"start":{"line":46,"column":4},"end":{"line":46,"column":28}}},"3":{"name":"registered","line":62,"loc":{"start":{"line":62,"column":4},"end":{"line":62,"column":30}}},"4":{"name":"addEventListener","line":67,"loc":{"start":{"line":67,"column":4},"end":{"line":67,"column":55}}},"5":{"name":"dispatchEvent","line":75,"loc":{"start":{"line":75,"column":4},"end":{"line":75,"column":34}}},"6":{"name":"removeEventListener","line":92,"loc":{"start":{"line":92,"column":4},"end":{"line":92,"column":58}}},"7":{"name":"Null","line":102,"loc":{"start":{"line":102,"column":4},"end":{"line":102,"column":20}}}},"statementMap":{"1":{"start":{"line":2,"column":0},"end":{"line":2,"column":76}},"2":{"start":{"line":4,"column":0},"end":{"line":4,"column":32}},"3":{"start":{"line":6,"column":0},"end":{"line":108,"column":1}},"4":{"start":{"line":7,"column":2},"end":{"line":7,"column":18}},"5":{"start":{"line":9,"column":2},"end":{"line":107,"column":7}},"6":{"start":{"line":12,"column":4},"end":{"line":12,"column":27}},"7":{"start":{"line":15,"column":4},"end":{"line":15,"column":50}},"8":{"start":{"line":15,"column":24},"end":{"line":15,"column":49}},"9":{"start":{"line":16,"column":4},"end":{"line":20,"column":6}},"10":{"start":{"line":17,"column":6},"end":{"line":17,"column":34}},"11":{"start":{"line":18,"column":6},"end":{"line":18,"column":31}},"12":{"start":{"line":19,"column":6},"end":{"line":19,"column":24}},"13":{"start":{"line":23,"column":4},"end":{"line":30,"column":6}},"14":{"start":{"line":24,"column":6},"end":{"line":29,"column":7}},"15":{"start":{"line":25,"column":8},"end":{"line":28,"column":11}},"16":{"start":{"line":33,"column":4},"end":{"line":33,"column":29}},"17":{"start":{"line":36,"column":4},"end":{"line":43,"column":6}},"18":{"start":{"line":46,"column":4},"end":{"line":59,"column":5}},"19":{"start":{"line":47,"column":6},"end":{"line":47,"column":35}},"20":{"start":{"line":48,"column":6},"end":{"line":53,"column":7}},"21":{"start":{"line":49,"column":8},"end":{"line":52,"column":10}},"22":{"start":{"line":54,"column":6},"end":{"line":58,"column":7}},"23":{"start":{"line":55,"column":8},"end":{"line":55,"column":46}},"24":{"start":{"line":57,"column":8},"end":{"line":57,"column":40}},"25":{"start":{"line":62,"column":4},"end":{"line":64,"column":5}},"26":{"start":{"line":63,"column":6},"end":{"line":63,"column":36}},"27":{"start":{"line":67,"column":4},"end":{"line":73,"column":5}},"28":{"start":{"line":68,"column":6},"end":{"line":68,"column":31}},"29":{"start":{"line":69,"column":6},"end":{"line":69,"column":60}},"30":{"start":{"line":70,"column":6},"end":{"line":72,"column":7}},"31":{"start":{"line":71,"column":8},"end":{"line":71,"column":58}},"32":{"start":{"line":75,"column":4},"end":{"line":88,"column":5}},"33":{"start":{"line":76,"column":6},"end":{"line":76,"column":31}},"34":{"start":{"line":77,"column":6},"end":{"line":77,"column":43}},"35":{"start":{"line":78,"column":6},"end":{"line":86,"column":7}},"36":{"start":{"line":79,"column":8},"end":{"line":82,"column":11}},"37":{"start":{"line":83,"column":8},"end":{"line":83,"column":43}},"38":{"start":{"line":84,"column":8},"end":{"line":84,"column":35}},"39":{"start":{"line":85,"column":8},"end":{"line":85,"column":28}},"40":{"start":{"line":87,"column":6},"end":{"line":87,"column":18}},"41":{"start":{"line":92,"column":4},"end":{"line":99,"column":5}},"42":{"start":{"line":93,"column":6},"end":{"line":93,"column":31}},"43":{"start":{"line":94,"column":6},"end":{"line":94,"column":37}},"44":{"start":{"line":95,"column":6},"end":{"line":98,"column":7}},"45":{"start":{"line":96,"column":8},"end":{"line":96,"column":66}},"46":{"start":{"line":97,"column":8},"end":{"line":97,"column":43}},"47":{"start":{"line":97,"column":20},"end":{"line":97,"column":43}},"48":{"start":{"line":102,"column":4},"end":{"line":102,"column":22}},"49":{"start":{"line":103,"column":4},"end":{"line":103,"column":41}},"50":{"start":{"line":105,"column":4},"end":{"line":105,"column":23}},"51":{"start":{"line":110,"column":0},"end":{"line":110,"column":82}}},"branchMap":{"1":{"line":15,"type":"binary-expr","locations":[{"start":{"line":15,"column":24},"end":{"line":15,"column":36}},{"start":{"line":15,"column":40},"end":{"line":15,"column":49}}]},"2":{"line":48,"type":"if","locations":[{"start":{"line":48,"column":6},"end":{"line":48,"column":6}},{"start":{"line":48,"column":6},"end":{"line":48,"column":6}}]},"3":{"line":48,"type":"binary-expr","locations":[{"start":{"line":48,"column":10},"end":{"line":48,"column":17}},{"start":{"line":48,"column":21},"end":{"line":48,"column":33}}]},"4":{"line":54,"type":"if","locations":[{"start":{"line":54,"column":6},"end":{"line":54,"column":6}},{"start":{"line":54,"column":6},"end":{"line":54,"column":6}}]},"5":{"line":69,"type":"binary-expr","locations":[{"start":{"line":69,"column":24},"end":{"line":69,"column":36}},{"start":{"line":69,"column":41},"end":{"line":69,"column":58}}]},"6":{"line":70,"type":"if","locations":[{"start":{"line":70,"column":6},"end":{"line":70,"column":6}},{"start":{"line":70,"column":6},"end":{"line":70,"column":6}}]},"7":{"line":78,"type":"if","locations":[{"start":{"line":78,"column":6},"end":{"line":78,"column":6}},{"start":{"line":78,"column":6},"end":{"line":78,"column":6}}]},"8":{"line":95,"type":"if","locations":[{"start":{"line":95,"column":6},"end":{"line":95,"column":6}},{"start":{"line":95,"column":6},"end":{"line":95,"column":6}}]},"9":{"line":97,"type":"if","locations":[{"start":{"line":97,"column":8},"end":{"line":97,"column":8}},{"start":{"line":97,"column":8},"end":{"line":97,"column":8}}]}}},"/Users/agiammarchi/git/event-target/cjs/poorlyfills.js":{"path":"/Users/agiammarchi/git/event-target/cjs/poorlyfills.js","s":{"1":2,"2":1,"3":1,"4":8,"5":8,"6":5,"7":4,"8":4,"9":1,"10":1,"11":1,"12":1,"13":1,"14":1,"15":1,"16":1,"17":12,"18":1,"19":1},"b":{"1":[1,1],"2":[1,1],"3":[4,1],"4":[1,1]},"f":{"1":8,"2":1,"3":12,"4":1},"fnMap":{"1":{"name":"(anonymous_1)","line":5,"loc":{"start":{"line":5,"column":34},"end":{"line":5,"column":63}}},"2":{"name":"WeakMap","line":17,"loc":{"start":{"line":17,"column":29},"end":{"line":17,"column":48}}},"3":{"name":"(anonymous_3)","line":20,"loc":{"start":{"line":20,"column":7},"end":{"line":20,"column":13}}},"4":{"name":"(anonymous_4)","line":21,"loc":{"start":{"line":21,"column":7},"end":{"line":21,"column":20}}}},"statementMap":{"1":{"start":{"line":2,"column":0},"end":{"line":2,"column":56}},"2":{"start":{"line":3,"column":0},"end":{"line":3,"column":14}},"3":{"start":{"line":5,"column":0},"end":{"line":9,"column":2}},"4":{"start":{"line":6,"column":2},"end":{"line":6,"column":22}},"5":{"start":{"line":7,"column":2},"end":{"line":7,"column":60}},"6":{"start":{"line":7,"column":14},"end":{"line":7,"column":60}},"7":{"start":{"line":7,"column":51},"end":{"line":7,"column":60}},"8":{"start":{"line":8,"column":2},"end":{"line":8,"column":11}},"9":{"start":{"line":10,"column":0},"end":{"line":10,"column":30}},"10":{"start":{"line":12,"column":0},"end":{"line":12,"column":45}},"11":{"start":{"line":13,"column":0},"end":{"line":13,"column":40}},"12":{"start":{"line":15,"column":0},"end":{"line":15,"column":10}},"13":{"start":{"line":16,"column":0},"end":{"line":16,"column":47}},"14":{"start":{"line":17,"column":0},"end":{"line":28,"column":2}},"15":{"start":{"line":18,"column":2},"end":{"line":18,"column":25}},"16":{"start":{"line":19,"column":2},"end":{"line":27,"column":4}},"17":{"start":{"line":20,"column":15},"end":{"line":20,"column":32}},"18":{"start":{"line":22,"column":6},"end":{"line":25,"column":9}},"19":{"start":{"line":29,"column":0},"end":{"line":29,"column":26}}},"branchMap":{"1":{"line":2,"type":"cond-expr","locations":[{"start":{"line":2,"column":42},"end":{"line":2,"column":48}},{"start":{"line":2,"column":51},"end":{"line":2,"column":55}}]},"2":{"line":5,"type":"binary-expr","locations":[{"start":{"line":5,"column":18},"end":{"line":5,"column":30}},{"start":{"line":5,"column":34},"end":{"line":9,"column":1}}]},"3":{"line":7,"type":"if","locations":[{"start":{"line":7,"column":14},"end":{"line":7,"column":14}},{"start":{"line":7,"column":14},"end":{"line":7,"column":14}}]},"4":{"line":17,"type":"binary-expr","locations":[{"start":{"line":17,"column":16},"end":{"line":17,"column":25}},{"start":{"line":17,"column":29},"end":{"line":28,"column":1}}]}}}}