{"/home/webreflection/code/event-target/cjs/main.js":{"path":"/home/webreflection/code/event-target/cjs/main.js","s":{"1":1,"2":1,"3":1,"4":1,"5":1,"6":1,"7":12,"8":1,"9":1,"10":1,"11":1,"12":1,"13":3,"14":7,"15":1,"16":3,"17":3,"18":2,"19":3,"20":2,"21":1,"22":1,"23":5,"24":1,"25":4,"26":4,"27":4,"28":3,"29":1,"30":3,"31":3,"32":3,"33":2,"34":2,"35":2,"36":2,"37":3,"38":1,"39":5,"40":5,"41":5,"42":4,"43":4,"44":3,"45":1,"46":1,"47":1},"b":{"1":[1,1],"2":[12,1],"3":[2,1],"4":[3,2],"5":[2,1],"6":[4,2],"7":[3,1],"8":[2,1],"9":[4,1],"10":[3,1]},"f":{"1":1,"2":3,"3":3,"4":5,"5":4,"6":3,"7":5,"8":1},"fnMap":{"1":{"name":"EventTarget","line":7,"loc":{"start":{"line":7,"column":2},"end":{"line":7,"column":25}}},"2":{"name":"define","line":31,"loc":{"start":{"line":31,"column":2},"end":{"line":31,"column":31}}},"3":{"name":"dispatch","line":41,"loc":{"start":{"line":41,"column":2},"end":{"line":41,"column":26}}},"4":{"name":"registered","line":57,"loc":{"start":{"line":57,"column":2},"end":{"line":57,"column":28}}},"5":{"name":"addEventListener","line":62,"loc":{"start":{"line":62,"column":2},"end":{"line":62,"column":53}}},"6":{"name":"dispatchEvent","line":70,"loc":{"start":{"line":70,"column":2},"end":{"line":70,"column":32}}},"7":{"name":"removeEventListener","line":87,"loc":{"start":{"line":87,"column":2},"end":{"line":87,"column":56}}},"8":{"name":"Null","line":98,"loc":{"start":{"line":98,"column":2},"end":{"line":98,"column":18}}}},"statementMap":{"1":{"start":{"line":2,"column":0},"end":{"line":2,"column":57}},"2":{"start":{"line":4,"column":0},"end":{"line":103,"column":5}},"3":{"start":{"line":7,"column":2},"end":{"line":7,"column":27}},"4":{"start":{"line":10,"column":2},"end":{"line":17,"column":4}},"5":{"start":{"line":20,"column":2},"end":{"line":20,"column":25}},"6":{"start":{"line":23,"column":2},"end":{"line":23,"column":48}},"7":{"start":{"line":23,"column":22},"end":{"line":23,"column":47}},"8":{"start":{"line":24,"column":2},"end":{"line":28,"column":4}},"9":{"start":{"line":25,"column":4},"end":{"line":25,"column":32}},"10":{"start":{"line":26,"column":4},"end":{"line":26,"column":29}},"11":{"start":{"line":27,"column":4},"end":{"line":27,"column":22}},"12":{"start":{"line":31,"column":2},"end":{"line":38,"column":3}},"13":{"start":{"line":32,"column":4},"end":{"line":37,"column":5}},"14":{"start":{"line":33,"column":6},"end":{"line":36,"column":9}},"15":{"start":{"line":41,"column":2},"end":{"line":54,"column":3}},"16":{"start":{"line":42,"column":4},"end":{"line":42,"column":33}},"17":{"start":{"line":43,"column":4},"end":{"line":48,"column":5}},"18":{"start":{"line":44,"column":6},"end":{"line":47,"column":8}},"19":{"start":{"line":49,"column":4},"end":{"line":53,"column":5}},"20":{"start":{"line":50,"column":6},"end":{"line":50,"column":44}},"21":{"start":{"line":52,"column":6},"end":{"line":52,"column":38}},"22":{"start":{"line":57,"column":2},"end":{"line":59,"column":3}},"23":{"start":{"line":58,"column":4},"end":{"line":58,"column":34}},"24":{"start":{"line":62,"column":2},"end":{"line":68,"column":3}},"25":{"start":{"line":63,"column":4},"end":{"line":63,"column":29}},"26":{"start":{"line":64,"column":4},"end":{"line":64,"column":58}},"27":{"start":{"line":65,"column":4},"end":{"line":67,"column":5}},"28":{"start":{"line":66,"column":6},"end":{"line":66,"column":56}},"29":{"start":{"line":70,"column":2},"end":{"line":83,"column":3}},"30":{"start":{"line":71,"column":4},"end":{"line":71,"column":29}},"31":{"start":{"line":72,"column":4},"end":{"line":72,"column":41}},"32":{"start":{"line":73,"column":4},"end":{"line":81,"column":5}},"33":{"start":{"line":74,"column":6},"end":{"line":77,"column":9}},"34":{"start":{"line":78,"column":6},"end":{"line":78,"column":41}},"35":{"start":{"line":79,"column":6},"end":{"line":79,"column":33}},"36":{"start":{"line":80,"column":6},"end":{"line":80,"column":26}},"37":{"start":{"line":82,"column":4},"end":{"line":82,"column":16}},"38":{"start":{"line":87,"column":2},"end":{"line":94,"column":3}},"39":{"start":{"line":88,"column":4},"end":{"line":88,"column":29}},"40":{"start":{"line":89,"column":4},"end":{"line":89,"column":35}},"41":{"start":{"line":90,"column":4},"end":{"line":93,"column":5}},"42":{"start":{"line":91,"column":6},"end":{"line":91,"column":64}},"43":{"start":{"line":92,"column":6},"end":{"line":92,"column":41}},"44":{"start":{"line":92,"column":18},"end":{"line":92,"column":41}},"45":{"start":{"line":98,"column":2},"end":{"line":98,"column":20}},"46":{"start":{"line":99,"column":2},"end":{"line":99,"column":39}},"47":{"start":{"line":101,"column":2},"end":{"line":101,"column":21}}},"branchMap":{"1":{"line":4,"type":"binary-expr","locations":[{"start":{"line":4,"column":70},"end":{"line":4,"column":88}},{"start":{"line":4,"column":92},"end":{"line":103,"column":4}}]},"2":{"line":23,"type":"binary-expr","locations":[{"start":{"line":23,"column":22},"end":{"line":23,"column":34}},{"start":{"line":23,"column":38},"end":{"line":23,"column":47}}]},"3":{"line":43,"type":"if","locations":[{"start":{"line":43,"column":4},"end":{"line":43,"column":4}},{"start":{"line":43,"column":4},"end":{"line":43,"column":4}}]},"4":{"line":43,"type":"binary-expr","locations":[{"start":{"line":43,"column":8},"end":{"line":43,"column":15}},{"start":{"line":43,"column":19},"end":{"line":43,"column":31}}]},"5":{"line":49,"type":"if","locations":[{"start":{"line":49,"column":4},"end":{"line":49,"column":4}},{"start":{"line":49,"column":4},"end":{"line":49,"column":4}}]},"6":{"line":64,"type":"binary-expr","locations":[{"start":{"line":64,"column":22},"end":{"line":64,"column":34}},{"start":{"line":64,"column":39},"end":{"line":64,"column":56}}]},"7":{"line":65,"type":"if","locations":[{"start":{"line":65,"column":4},"end":{"line":65,"column":4}},{"start":{"line":65,"column":4},"end":{"line":65,"column":4}}]},"8":{"line":73,"type":"if","locations":[{"start":{"line":73,"column":4},"end":{"line":73,"column":4}},{"start":{"line":73,"column":4},"end":{"line":73,"column":4}}]},"9":{"line":90,"type":"if","locations":[{"start":{"line":90,"column":4},"end":{"line":90,"column":4}},{"start":{"line":90,"column":4},"end":{"line":90,"column":4}}]},"10":{"line":92,"type":"if","locations":[{"start":{"line":92,"column":6},"end":{"line":92,"column":6}},{"start":{"line":92,"column":6},"end":{"line":92,"column":6}}]}}},"/home/webreflection/code/event-target/cjs/poorlyfills.js":{"path":"/home/webreflection/code/event-target/cjs/poorlyfills.js","s":{"1":1,"2":1,"3":8,"4":8,"5":5,"6":4,"7":4,"8":1,"9":1,"10":1,"11":12,"12":1,"13":1},"b":{"1":[1,1],"2":[4,1],"3":[1,1]},"f":{"1":8,"2":1,"3":12,"4":1},"fnMap":{"1":{"name":"(anonymous_1)","line":4,"loc":{"start":{"line":4,"column":34},"end":{"line":4,"column":63}}},"2":{"name":"WeakMap","line":11,"loc":{"start":{"line":11,"column":34},"end":{"line":11,"column":53}}},"3":{"name":"(anonymous_3)","line":13,"loc":{"start":{"line":13,"column":7},"end":{"line":13,"column":13}}},"4":{"name":"(anonymous_4)","line":14,"loc":{"start":{"line":14,"column":7},"end":{"line":14,"column":20}}}},"statementMap":{"1":{"start":{"line":2,"column":0},"end":{"line":2,"column":47}},"2":{"start":{"line":4,"column":0},"end":{"line":8,"column":2}},"3":{"start":{"line":5,"column":2},"end":{"line":5,"column":22}},"4":{"start":{"line":6,"column":2},"end":{"line":6,"column":60}},"5":{"start":{"line":6,"column":14},"end":{"line":6,"column":60}},"6":{"start":{"line":6,"column":51},"end":{"line":6,"column":60}},"7":{"start":{"line":7,"column":2},"end":{"line":7,"column":11}},"8":{"start":{"line":9,"column":0},"end":{"line":9,"column":30}},"9":{"start":{"line":11,"column":0},"end":{"line":21,"column":2}},"10":{"start":{"line":12,"column":2},"end":{"line":20,"column":4}},"11":{"start":{"line":13,"column":15},"end":{"line":13,"column":31}},"12":{"start":{"line":15,"column":6},"end":{"line":18,"column":9}},"13":{"start":{"line":22,"column":0},"end":{"line":22,"column":26}}},"branchMap":{"1":{"line":4,"type":"binary-expr","locations":[{"start":{"line":4,"column":18},"end":{"line":4,"column":30}},{"start":{"line":4,"column":34},"end":{"line":8,"column":1}}]},"2":{"line":6,"type":"if","locations":[{"start":{"line":6,"column":14},"end":{"line":6,"column":14}},{"start":{"line":6,"column":14},"end":{"line":6,"column":14}}]},"3":{"line":11,"type":"binary-expr","locations":[{"start":{"line":11,"column":16},"end":{"line":11,"column":30}},{"start":{"line":11,"column":34},"end":{"line":21,"column":1}}]}}}}