TN:
SF:/home/webreflection/code/event-target/cjs/main.js
FN:7,EventTarget
FN:31,define
FN:41,dispatch
FN:57,registered
FN:62,addEventListener
FN:70,dispatchEvent
FN:87,removeEventListener
FN:98,Null
FNF:8
FNH:8
FNDA:1,EventTarget
FNDA:3,define
FNDA:3,dispatch
FNDA:5,registered
FNDA:4,addEventListener
FNDA:3,dispatchEvent
FNDA:5,removeEventListener
FNDA:1,Null
DA:2,1
DA:4,1
DA:7,1
DA:10,1
DA:20,1
DA:23,12
DA:24,1
DA:25,1
DA:26,1
DA:27,1
DA:31,1
DA:32,3
DA:33,7
DA:41,1
DA:42,3
DA:43,3
DA:44,2
DA:49,3
DA:50,2
DA:52,1
DA:57,1
DA:58,5
DA:62,1
DA:63,4
DA:64,4
DA:65,4
DA:66,3
DA:70,1
DA:71,3
DA:72,3
DA:73,3
DA:74,2
DA:78,2
DA:79,2
DA:80,2
DA:82,3
DA:87,1
DA:88,5
DA:89,5
DA:90,5
DA:91,4
DA:92,4
DA:98,1
DA:99,1
DA:101,1
LF:45
LH:45
BRDA:4,1,0,1
BRDA:4,1,1,1
BRDA:23,2,0,12
BRDA:23,2,1,1
BRDA:43,3,0,2
BRDA:43,3,1,1
BRDA:43,4,0,3
BRDA:43,4,1,2
BRDA:49,5,0,2
BRDA:49,5,1,1
BRDA:64,6,0,4
BRDA:64,6,1,2
BRDA:65,7,0,3
BRDA:65,7,1,1
BRDA:73,8,0,2
BRDA:73,8,1,1
BRDA:90,9,0,4
BRDA:90,9,1,1
BRDA:92,10,0,3
BRDA:92,10,1,1
BRF:20
BRH:20
end_of_record
TN:
SF:/home/webreflection/code/event-target/cjs/poorlyfills.js
FN:4,(anonymous_1)
FN:11,WeakMap
FN:13,(anonymous_3)
FN:14,(anonymous_4)
FNF:4
FNH:4
FNDA:8,(anonymous_1)
FNDA:1,WeakMap
FNDA:12,(anonymous_3)
FNDA:1,(anonymous_4)
DA:2,1
DA:4,1
DA:5,8
DA:6,8
DA:7,4
DA:9,1
DA:11,1
DA:12,1
DA:13,12
DA:15,1
DA:22,1
LF:11
LH:11
BRDA:4,1,0,1
BRDA:4,1,1,1
BRDA:6,2,0,4
BRDA:6,2,1,1
BRDA:11,3,0,1
BRDA:11,3,1,1
BRF:6
BRH:6
end_of_record
