TN:
SF:/home/webreflection/code/event-target/cjs/index.js
FN:33,EventTarget
FN:46,dispatch
FN:62,registered
FN:67,addEventListener
FN:75,dispatchEvent
FN:92,removeEventListener
FN:102,Null
FNF:7
FNH:7
FNDA:2,EventTarget
FNDA:3,dispatch
FNDA:5,registered
FNDA:4,addEventListener
FNDA:3,dispatchEvent
FNDA:5,removeEventListener
FNDA:1,Null
DA:2,2
DA:4,2
DA:6,2
DA:7,2
DA:9,1
DA:12,1
DA:15,12
DA:16,1
DA:17,1
DA:18,1
DA:19,1
DA:23,1
DA:24,3
DA:25,7
DA:33,1
DA:36,1
DA:46,1
DA:47,3
DA:48,3
DA:49,2
DA:54,3
DA:55,2
DA:57,1
DA:62,1
DA:63,5
DA:67,1
DA:68,4
DA:69,4
DA:70,4
DA:71,3
DA:75,1
DA:76,3
DA:77,3
DA:78,3
DA:79,2
DA:83,2
DA:84,2
DA:85,2
DA:87,3
DA:92,1
DA:93,5
DA:94,5
DA:95,5
DA:96,4
DA:97,4
DA:102,1
DA:103,1
DA:105,1
DA:110,2
LF:49
LH:49
BRDA:15,1,0,12
BRDA:15,1,1,1
BRDA:48,2,0,2
BRDA:48,2,1,1
BRDA:48,3,0,3
BRDA:48,3,1,2
BRDA:54,4,0,2
BRDA:54,4,1,1
BRDA:69,5,0,4
BRDA:69,5,1,2
BRDA:70,6,0,3
BRDA:70,6,1,1
BRDA:78,7,0,2
BRDA:78,7,1,1
BRDA:95,8,0,4
BRDA:95,8,1,1
BRDA:97,9,0,3
BRDA:97,9,1,1
BRF:18
BRH:18
end_of_record
TN:
SF:/home/webreflection/code/event-target/cjs/poorlyfills.js
FN:10,(anonymous_1)
FN:17,WeakMap
FN:19,(anonymous_3)
FN:20,(anonymous_4)
FNF:4
FNH:4
FNDA:8,(anonymous_1)
FNDA:1,WeakMap
FNDA:12,(anonymous_3)
FNDA:1,(anonymous_4)
DA:2,2
DA:4,2
DA:5,2
DA:7,2
DA:8,2
DA:10,2
DA:11,8
DA:12,8
DA:13,4
DA:15,2
DA:17,2
DA:18,1
DA:19,12
DA:21,1
DA:28,2
LF:15
LH:15
BRDA:4,1,0,1
BRDA:4,1,1,1
BRDA:10,2,0,2
BRDA:10,2,1,2
BRDA:12,3,0,4
BRDA:12,3,1,1
BRDA:17,4,0,2
BRDA:17,4,1,2
BRF:8
BRH:8
end_of_record
